Arguments: 
  /opt/homebrew/Cellar/node@16/16.17.0_1/bin/node /opt/homebrew/Cellar/yarn/1.22.18/libexec/bin/yarn.js add @type/node

PATH: 
  /opt/homebrew/opt/node@16/bin:/Users/jongha.yun/.yarn/bin:/Users/jongha.yun/.config/yarn/global/node_modules/.bin:/Applications/Visual Studio Code.app/Contents/Resources/app/bin:/opt/homebrew/bin:/opt/homebrew/sbin:/usr/local/bin:/usr/bin:/bin:/usr/sbin:/sbin:/opt/homebrew/opt/node@16/bin:/Users/jongha.yun/.yarn/bin:/Users/jongha.yun/.config/yarn/global/node_modules/.bin:/Applications/Visual Studio Code.app/Contents/Resources/app/bin:/opt/homebrew/bin:/opt/homebrew/sbin

Yarn version: 
  1.22.18

Node version: 
  16.17.0

Platform: 
  darwin arm64

Trace: 
  Error: https://registry.yarnpkg.com/@type%2fnode: Not found
      at Request.params.callback [as _callback] (/opt/homebrew/Cellar/yarn/1.22.18/libexec/lib/cli.js:66138:18)
      at Request.self.callback (/opt/homebrew/Cellar/yarn/1.22.18/libexec/lib/cli.js:140883:22)
      at Request.emit (node:events:513:28)
      at Request.<anonymous> (/opt/homebrew/Cellar/yarn/1.22.18/libexec/lib/cli.js:141855:10)
      at Request.emit (node:events:513:28)
      at IncomingMessage.<anonymous> (/opt/homebrew/Cellar/yarn/1.22.18/libexec/lib/cli.js:141777:12)
      at Object.onceWrapper (node:events:627:28)
      at IncomingMessage.emit (node:events:525:35)
      at endReadableNT (node:internal/streams/readable:1358:12)
      at processTicksAndRejections (node:internal/process/task_queues:83:21)

npm manifest: 
  No manifest

yarn manifest: 
  No manifest

Lockfile: 
  No lockfile
